# JRE version: OpenJDK Runtime Environment (8.0_152-b06) (build 1.8.0_152-release-1136-b06)
# Java VM: OpenJDK 64-Bit Server VM (25.152-b06 mixed mode windows-amd64 compressed oops)
Heap:
 PSYoungGen      total 322048K, used 204170K [0x00000000e0000000, 0x00000000f5180000, 0x0000000100000000)
  eden space 298496K, 63% used [0x00000000e0000000,0x00000000eb84ec88,0x00000000f2380000)
  from space 23552K, 65% used [0x00000000f2380000,0x00000000f3293bb0,0x00000000f3a80000)
  to   space 15872K, 0% used [0x00000000f4200000,0x00000000f4200000,0x00000000f5180000)
 ParOldGen       total 129024K, used 64850K [0x00000000a0000000, 0x00000000a7e00000, 0x00000000e0000000)
  object space 129024K, 50% used [0x00000000a0000000,0x00000000a3f54990,0x00000000a7e00000)
 Metaspace       used 91508K, capacity 95250K, committed 95360K, reserved 1132544K
  class space    used 11822K, capacity 12613K, committed 12672K, reserved 1048576K
GC Heap History (10 events):
Event: 56.649 GC heap before
{Heap before GC invocations=18 (full 3):
 PSYoungGen      total 207872K, used 207180K [0x00000000e0000000, 0x00000000ee100000, 0x0000000100000000)
  eden space 191488K, 99% used [0x00000000e0000000,0x00000000eba554b0,0x00000000ebb00000)
  from space 16384K, 99% used [0x00000000ed100000,0x00000000ee0fddf8,0x00000000ee100000)
  to   space 19456K, 0% used [0x00000000ebb00000,0x00000000ebb00000,0x00000000ece00000)
 ParOldGen       total 129024K, used 43707K [0x00000000a0000000, 0x00000000a7e00000, 0x00000000e0000000)
  object space 129024K, 33% used [0x00000000a0000000,0x00000000a2aaee20,0x00000000a7e00000)
 Metaspace       used 69913K, capacity 71974K, committed 72064K, reserved 1112064K
  class space    used 9358K, capacity 9850K, committed 9856K, reserved 1048576K
Event: 56.672 GC heap after
Heap after GC invocations=18 (full 3):
 PSYoungGen      total 210944K, used 2226K [0x00000000e0000000, 0x00000000f1d80000, 0x0000000100000000)
  eden space 191488K, 0% used [0x00000000e0000000,0x00000000e0000000,0x00000000ebb00000)
  from space 19456K, 11% used [0x00000000ebb00000,0x00000000ebd2ca60,0x00000000ece00000)
  to   space 19968K, 0% used [0x00000000f0a00000,0x00000000f0a00000,0x00000000f1d80000)
 ParOldGen       total 129024K, used 59027K [0x00000000a0000000, 0x00000000a7e00000, 0x00000000e0000000)
  object space 129024K, 45% used [0x00000000a0000000,0x00000000a39a4fe8,0x00000000a7e00000)
 Metaspace       used 69913K, capacity 71974K, committed 72064K, reserved 1112064K
  class space    used 9358K, capacity 9850K, committed 9856K, reserved 1048576K
}
Event: 56.714 GC heap before
{Heap before GC invocations=19 (full 3):
 PSYoungGen      total 210944K, used 193120K [0x00000000e0000000, 0x00000000f1d80000, 0x0000000100000000)
  eden space 191488K, 99% used [0x00000000e0000000,0x00000000eba6b7e0,0x00000000ebb00000)
  from space 19456K, 11% used [0x00000000ebb00000,0x00000000ebd2ca60,0x00000000ece00000)
  to   space 19968K, 0% used [0x00000000f0a00000,0x00000000f0a00000,0x00000000f1d80000)
 ParOldGen       total 129024K, used 59027K [0x00000000a0000000, 0x00000000a7e00000, 0x00000000e0000000)
  object space 129024K, 45% used [0x00000000a0000000,0x00000000a39a4fe8,0x00000000a7e00000)
 Metaspace       used 69916K, capacity 71974K, committed 72064K, reserved 1112064K
  class space    used 9358K, capacity 9850K, committed 9856K, reserved 1048576K
Event: 56.717 GC heap after
Heap after GC invocations=19 (full 3):
 PSYoungGen      total 271872K, used 96K [0x00000000e0000000, 0x00000000f2680000, 0x0000000100000000)
  eden space 251904K, 0% used [0x00000000e0000000,0x00000000e0000000,0x00000000ef600000)
  from space 19968K, 0% used [0x00000000f0a00000,0x00000000f0a18000,0x00000000f1d80000)
  to   space 20480K, 0% used [0x00000000ef600000,0x00000000ef600000,0x00000000f0a00000)
 ParOldGen       total 129024K, used 59842K [0x00000000a0000000, 0x00000000a7e00000, 0x00000000e0000000)
  object space 129024K, 46% used [0x00000000a0000000,0x00000000a3a70ac0,0x00000000a7e00000)
 Metaspace       used 69916K, capacity 71974K, committed 72064K, reserved 1112064K
  class space    used 9358K, capacity 9850K, committed 9856K, reserved 1048576K
}
Event: 68.943 GC heap before
{Heap before GC invocations=20 (full 3):
 PSYoungGen      total 271872K, used 244766K [0x00000000e0000000, 0x00000000f2680000, 0x0000000100000000)
  eden space 251904K, 97% used [0x00000000e0000000,0x00000000eeeefb08,0x00000000ef600000)
  from space 19968K, 0% used [0x00000000f0a00000,0x00000000f0a18000,0x00000000f1d80000)
  to   space 20480K, 0% used [0x00000000ef600000,0x00000000ef600000,0x00000000f0a00000)
 ParOldGen       total 129024K, used 59842K [0x00000000a0000000, 0x00000000a7e00000, 0x00000000e0000000)
  object space 129024K, 46% used [0x00000000a0000000,0x00000000a3a70ac0,0x00000000a7e00000)
 Metaspace       used 80043K, capacity 82936K, committed 83200K, reserved 1122304K
  class space    used 10614K, capacity 11185K, committed 11264K, reserved 1048576K
Event: 68.966 GC heap after
Heap after GC invocations=20 (full 3):
 PSYoungGen      total 272384K, used 20457K [0x00000000e0000000, 0x00000000f5980000, 0x0000000100000000)
  eden space 251904K, 0% used [0x00000000e0000000,0x00000000e0000000,0x00000000ef600000)
  from space 20480K, 99% used [0x00000000ef600000,0x00000000f09fa640,0x00000000f0a00000)
  to   space 24064K, 0% used [0x00000000f4200000,0x00000000f4200000,0x00000000f5980000)
 ParOldGen       total 129024K, used 60225K [0x00000000a0000000, 0x00000000a7e00000, 0x00000000e0000000)
  object space 129024K, 46% used [0x00000000a0000000,0x00000000a3ad0520,0x00000000a7e00000)
 Metaspace       used 80043K, capacity 82936K, committed 83200K, reserved 1122304K
  class space    used 10614K, capacity 11185K, committed 11264K, reserved 1048576K
}
Event: 4404.351 GC heap before
{Heap before GC invocations=21 (full 3):
 PSYoungGen      total 272384K, used 272361K [0x00000000e0000000, 0x00000000f5980000, 0x0000000100000000)
  eden space 251904K, 100% used [0x00000000e0000000,0x00000000ef600000,0x00000000ef600000)
  from space 20480K, 99% used [0x00000000ef600000,0x00000000f09fa640,0x00000000f0a00000)
  to   space 24064K, 0% used [0x00000000f4200000,0x00000000f4200000,0x00000000f5980000)
 ParOldGen       total 129024K, used 60225K [0x00000000a0000000, 0x00000000a7e00000, 0x00000000e0000000)
  object space 129024K, 46% used [0x00000000a0000000,0x00000000a3ad0520,0x00000000a7e00000)
 Metaspace       used 84392K, capacity 87540K, committed 87808K, reserved 1126400K
  class space    used 11022K, capacity 11673K, committed 11776K, reserved 1048576K
Event: 4404.381 GC heap after
Heap after GC invocations=21 (full 3):
 PSYoungGen      total 314368K, used 12954K [0x00000000e0000000, 0x00000000f5180000, 0x0000000100000000)
  eden space 298496K, 0% used [0x00000000e0000000,0x00000000e0000000,0x00000000f2380000)
  from space 15872K, 81% used [0x00000000f4200000,0x00000000f4ea6850,0x00000000f5180000)
  to   space 23552K, 0% used [0x00000000f2380000,0x00000000f2380000,0x00000000f3a80000)
 ParOldGen       total 129024K, used 64842K [0x00000000a0000000, 0x00000000a7e00000, 0x00000000e0000000)
  object space 129024K, 50% used [0x00000000a0000000,0x00000000a3f52990,0x00000000a7e00000)
 Metaspace       used 84392K, capacity 87540K, committed 87808K, reserved 1126400K
  class space    used 11022K, capacity 11673K, committed 11776K, reserved 1048576K
}
Event: 5156.182 GC heap before
{Heap before GC invocations=22 (full 3):
 PSYoungGen      total 314368K, used 311450K [0x00000000e0000000, 0x00000000f5180000, 0x0000000100000000)
  eden space 298496K, 100% used [0x00000000e0000000,0x00000000f2380000,0x00000000f2380000)
  from space 15872K, 81% used [0x00000000f4200000,0x00000000f4ea6850,0x00000000f5180000)
  to   space 23552K, 0% used [0x00000000f2380000,0x00000000f2380000,0x00000000f3a80000)
 ParOldGen       total 129024K, used 64842K [0x00000000a0000000, 0x00000000a7e00000, 0x00000000e0000000)
  object space 129024K, 50% used [0x00000000a0000000,0x00000000a3f52990,0x00000000a7e00000)
 Metaspace       used 89898K, capacity 93590K, committed 93952K, reserved 1130496K
  class space    used 11647K, capacity 12426K, committed 12544K, reserved 1048576K
Event: 5156.227 GC heap after
Heap after GC invocations=22 (full 3):
 PSYoungGen      total 322048K, used 15438K [0x00000000e0000000, 0x00000000f5180000, 0x0000000100000000)
  eden space 298496K, 0% used [0x00000000e0000000,0x00000000e0000000,0x00000000f2380000)
  from space 23552K, 65% used [0x00000000f2380000,0x00000000f3293bb0,0x00000000f3a80000)
  to   space 15872K, 0% used [0x00000000f4200000,0x00000000f4200000,0x00000000f5180000)
 ParOldGen       total 129024K, used 64850K [0x00000000a0000000, 0x00000000a7e00000, 0x00000000e0000000)
  object space 129024K, 50% used [0x00000000a0000000,0x00000000a3f54990,0x00000000a7e00000)
 Metaspace       used 89898K, capacity 93590K, committed 93952K, reserved 1130496K
  class space    used 11647K, capacity 12426K, committed 12544K, reserved 1048576K
}

