# JRE version: OpenJDK Runtime Environment (8.0_152-b06) (build 1.8.0_152-release-1136-b06)
# Java VM: OpenJDK 64-Bit Server VM (25.152-b06 mixed mode windows-amd64 compressed oops)
Heap:
 PSYoungGen      total 315392K, used 213881K [0x00000000e0000000, 0x00000000f6d80000, 0x0000000100000000)
  eden space 266752K, 75% used [0x00000000e0000000,0x00000000ec5ab298,0x00000000f0480000)
  from space 48640K, 23% used [0x00000000f3e00000,0x00000000f49331e8,0x00000000f6d80000)
  to   space 53760K, 0% used [0x00000000f0480000,0x00000000f0480000,0x00000000f3900000)
 ParOldGen       total 240640K, used 105617K [0x00000000a0000000, 0x00000000aeb00000, 0x00000000e0000000)
  object space 240640K, 43% used [0x00000000a0000000,0x00000000a67245b0,0x00000000aeb00000)
 Metaspace       used 88985K, capacity 92822K, committed 93056K, reserved 1130496K
  class space    used 11302K, capacity 12119K, committed 12160K, reserved 1048576K
GC Heap History (10 events):
Event: 1860.330 GC heap before
{Heap before GC invocations=22 (full 3):
 PSYoungGen      total 285184K, used 277610K [0x00000000e0000000, 0x00000000f4900000, 0x0000000100000000)
  eden space 252928K, 100% used [0x00000000e0000000,0x00000000ef700000,0x00000000ef700000)
  from space 32256K, 76% used [0x00000000f2980000,0x00000000f419a9a0,0x00000000f4900000)
  to   space 41984K, 0% used [0x00000000ef700000,0x00000000ef700000,0x00000000f2000000)
 ParOldGen       total 121856K, used 97095K [0x00000000a0000000, 0x00000000a7700000, 0x00000000e0000000)
  object space 121856K, 79% used [0x00000000a0000000,0x00000000a5ed1f68,0x00000000a7700000)
 Metaspace       used 83607K, capacity 87074K, committed 87296K, reserved 1124352K
  class space    used 10705K, capacity 11454K, committed 11520K, reserved 1048576K
Event: 1860.446 GC heap after
Heap after GC invocations=22 (full 3):
 PSYoungGen      total 285184K, used 41964K [0x00000000e0000000, 0x00000000f6380000, 0x0000000100000000)
  eden space 243200K, 0% used [0x00000000e0000000,0x00000000e0000000,0x00000000eed80000)
  from space 41984K, 99% used [0x00000000ef700000,0x00000000f1ffb040,0x00000000f2000000)
  to   space 60416K, 0% used [0x00000000f2880000,0x00000000f2880000,0x00000000f6380000)
 ParOldGen       total 129024K, used 127543K [0x00000000a0000000, 0x00000000a7e00000, 0x00000000e0000000)
  object space 129024K, 98% used [0x00000000a0000000,0x00000000a7c8ddc8,0x00000000a7e00000)
 Metaspace       used 83607K, capacity 87074K, committed 87296K, reserved 1124352K
  class space    used 10705K, capacity 11454K, committed 11520K, reserved 1048576K
}
Event: 1860.446 GC heap before
{Heap before GC invocations=23 (full 4):
 PSYoungGen      total 285184K, used 41964K [0x00000000e0000000, 0x00000000f6380000, 0x0000000100000000)
  eden space 243200K, 0% used [0x00000000e0000000,0x00000000e0000000,0x00000000eed80000)
  from space 41984K, 99% used [0x00000000ef700000,0x00000000f1ffb040,0x00000000f2000000)
  to   space 60416K, 0% used [0x00000000f2880000,0x00000000f2880000,0x00000000f6380000)
 ParOldGen       total 129024K, used 127543K [0x00000000a0000000, 0x00000000a7e00000, 0x00000000e0000000)
  object space 129024K, 98% used [0x00000000a0000000,0x00000000a7c8ddc8,0x00000000a7e00000)
 Metaspace       used 83607K, capacity 87074K, committed 87296K, reserved 1124352K
  class space    used 10705K, capacity 11454K, committed 11520K, reserved 1048576K
Event: 1861.058 GC heap after
Heap after GC invocations=23 (full 4):
 PSYoungGen      total 285184K, used 0K [0x00000000e0000000, 0x00000000f6380000, 0x0000000100000000)
  eden space 243200K, 0% used [0x00000000e0000000,0x00000000e0000000,0x00000000eed80000)
  from space 41984K, 0% used [0x00000000ef700000,0x00000000ef700000,0x00000000f2000000)
  to   space 60416K, 0% used [0x00000000f2880000,0x00000000f2880000,0x00000000f6380000)
 ParOldGen       total 240640K, used 105593K [0x00000000a0000000, 0x00000000aeb00000, 0x00000000e0000000)
  object space 240640K, 43% used [0x00000000a0000000,0x00000000a671e5b0,0x00000000aeb00000)
 Metaspace       used 82855K, capacity 86038K, committed 87296K, reserved 1124352K
  class space    used 10612K, capacity 11284K, committed 11520K, reserved 1048576K
}
Event: 2062.408 GC heap before
{Heap before GC invocations=24 (full 4):
 PSYoungGen      total 285184K, used 243200K [0x00000000e0000000, 0x00000000f6380000, 0x0000000100000000)
  eden space 243200K, 100% used [0x00000000e0000000,0x00000000eed80000,0x00000000eed80000)
  from space 41984K, 0% used [0x00000000ef700000,0x00000000ef700000,0x00000000f2000000)
  to   space 60416K, 0% used [0x00000000f2880000,0x00000000f2880000,0x00000000f6380000)
 ParOldGen       total 240640K, used 105593K [0x00000000a0000000, 0x00000000aeb00000, 0x00000000e0000000)
  object space 240640K, 43% used [0x00000000a0000000,0x00000000a671e5b0,0x00000000aeb00000)
 Metaspace       used 83139K, capacity 86348K, committed 87296K, reserved 1124352K
  class space    used 10628K, capacity 11305K, committed 11520K, reserved 1048576K
Event: 2062.451 GC heap after
Heap after GC invocations=24 (full 4):
 PSYoungGen      total 307200K, used 19752K [0x00000000e0000000, 0x00000000f7800000, 0x0000000100000000)
  eden space 246784K, 0% used [0x00000000e0000000,0x00000000e0000000,0x00000000ef100000)
  from space 60416K, 32% used [0x00000000f2880000,0x00000000f3bca3d0,0x00000000f6380000)
  to   space 56832K, 0% used [0x00000000ef100000,0x00000000ef100000,0x00000000f2880000)
 ParOldGen       total 240640K, used 105601K [0x00000000a0000000, 0x00000000aeb00000, 0x00000000e0000000)
  object space 240640K, 43% used [0x00000000a0000000,0x00000000a67205b0,0x00000000aeb00000)
 Metaspace       used 83139K, capacity 86348K, committed 87296K, reserved 1124352K
  class space    used 10628K, capacity 11305K, committed 11520K, reserved 1048576K
}
Event: 3686.694 GC heap before
{Heap before GC invocations=25 (full 4):
 PSYoungGen      total 307200K, used 266536K [0x00000000e0000000, 0x00000000f7800000, 0x0000000100000000)
  eden space 246784K, 100% used [0x00000000e0000000,0x00000000ef100000,0x00000000ef100000)
  from space 60416K, 32% used [0x00000000f2880000,0x00000000f3bca3d0,0x00000000f6380000)
  to   space 56832K, 0% used [0x00000000ef100000,0x00000000ef100000,0x00000000f2880000)
 ParOldGen       total 240640K, used 105601K [0x00000000a0000000, 0x00000000aeb00000, 0x00000000e0000000)
  object space 240640K, 43% used [0x00000000a0000000,0x00000000a67205b0,0x00000000aeb00000)
 Metaspace       used 83428K, capacity 86662K, committed 87296K, reserved 1124352K
  class space    used 10638K, capacity 11324K, committed 11520K, reserved 1048576K
Event: 3686.712 GC heap after
Heap after GC invocations=25 (full 4):
 PSYoungGen      total 303616K, used 8280K [0x00000000e0000000, 0x00000000f7480000, 0x0000000100000000)
  eden space 246784K, 0% used [0x00000000e0000000,0x00000000e0000000,0x00000000ef100000)
  from space 56832K, 14% used [0x00000000ef100000,0x00000000ef916380,0x00000000f2880000)
  to   space 55808K, 0% used [0x00000000f3e00000,0x00000000f3e00000,0x00000000f7480000)
 ParOldGen       total 240640K, used 105609K [0x00000000a0000000, 0x00000000aeb00000, 0x00000000e0000000)
  object space 240640K, 43% used [0x00000000a0000000,0x00000000a67225b0,0x00000000aeb00000)
 Metaspace       used 83428K, capacity 86662K, committed 87296K, reserved 1124352K
  class space    used 10638K, capacity 11324K, committed 11520K, reserved 1048576K
}
Event: 3701.938 GC heap before
{Heap before GC invocations=26 (full 4):
 PSYoungGen      total 303616K, used 255064K [0x00000000e0000000, 0x00000000f7480000, 0x0000000100000000)
  eden space 246784K, 100% used [0x00000000e0000000,0x00000000ef100000,0x00000000ef100000)
  from space 56832K, 14% used [0x00000000ef100000,0x00000000ef916380,0x00000000f2880000)
  to   space 55808K, 0% used [0x00000000f3e00000,0x00000000f3e00000,0x00000000f7480000)
 ParOldGen       total 240640K, used 105609K [0x00000000a0000000, 0x00000000aeb00000, 0x00000000e0000000)
  object space 240640K, 43% used [0x00000000a0000000,0x00000000a67225b0,0x00000000aeb00000)
 Metaspace       used 83879K, capacity 87222K, committed 87552K, reserved 1126400K
  class space    used 10660K, capacity 11364K, committed 11520K, reserved 1048576K
Event: 3701.958 GC heap after
Heap after GC invocations=26 (full 4):
 PSYoungGen      total 315392K, used 11468K [0x00000000e0000000, 0x00000000f6d80000, 0x0000000100000000)
  eden space 266752K, 0% used [0x00000000e0000000,0x00000000e0000000,0x00000000f0480000)
  from space 48640K, 23% used [0x00000000f3e00000,0x00000000f49331e8,0x00000000f6d80000)
  to   space 53760K, 0% used [0x00000000f0480000,0x00000000f0480000,0x00000000f3900000)
 ParOldGen       total 240640K, used 105617K [0x00000000a0000000, 0x00000000aeb00000, 0x00000000e0000000)
  object space 240640K, 43% used [0x00000000a0000000,0x00000000a67245b0,0x00000000aeb00000)
 Metaspace       used 83879K, capacity 87222K, committed 87552K, reserved 1126400K
  class space    used 10660K, capacity 11364K, committed 11520K, reserved 1048576K
}

